Arguments: 
  C:\Program Files\nodejs\node.exe C:\Users\ASUS\AppData\Roaming\npm\node_modules\yarn\bin\yarn.js add scv-parse

PATH: 
  C:\Users\ASUS\bin;C:\Program Files\Git\mingw64\bin;C:\Program Files\Git\usr\local\bin;C:\Program Files\Git\usr\bin;C:\Program Files\Git\usr\bin;C:\Program Files\Git\mingw64\bin;C:\Program Files\Git\usr\bin;C:\Users\ASUS\bin;C:\Python39\Scripts;C:\Python39;C:\Windows\system32;C:\Windows;C:\Windows\System32\Wbem;C:\Windows\System32\WindowsPowerShell\v1.0;C:\Windows\System32\OpenSSH;C:\Program Files (x86)\NVIDIA Corporation\PhysX\Common;C:\Program Files\Intel\WiFi\bin;C:\Program Files\Common Files\Intel\WirelessCommon;C:\WINDOWS\system32;C:\WINDOWS;C:\WINDOWS\System32\Wbem;C:\WINDOWS\System32\WindowsPowerShell\v1.0;C:\WINDOWS\System32\OpenSSH;C:\Program Files\Microsoft SQL Server\130\Tools\Binn;C:\ProgramData\chocolatey\bin;C:\Program Files\nodejs;C:\Program Files\dotnet;C:\Program Files\Git\cmd;C:\Program Files\MongoDB\Server\5.0\bin;C:\Program Files\Docker\Docker\resources\bin;C:\ProgramData\DockerDesktop\version-bin;C:\Program Files\Microsoft SQL Server\150\Tools\Binn;C:\Program Files\MySQL\MySQL Shell 8.0\bin;C:\Users\ASUS\AppData\Local\Microsoft\WindowsApps;C:\Program Files (x86)\Dev-Cpp\MinGW64\bin;C:\Users\ASUS\AppData\Local\Programs\Microsoft VS Code\bin;C:\Users\ASUS\AppData\Roaming\npm;C:\Program Files\heroku\bin;C:\Users\ASUS\AppData\Local\gitkraken\bin;C:\Users\ASUS\.dotnet\tools;C:\Program Files\Git\usr\bin\vendor_perl;C:\Program Files\Git\usr\bin\core_perl

Yarn version: 
  1.22.15

Node version: 
  14.17.0

Platform: 
  win32 x64

Trace: 
  Error: https://registry.yarnpkg.com/scv-parse: Not found
      at Request.params.callback [as _callback] (C:\Users\ASUS\AppData\Roaming\npm\node_modules\yarn\lib\cli.js:66140:18)
      at Request.self.callback (C:\Users\ASUS\AppData\Roaming\npm\node_modules\yarn\lib\cli.js:140885:22)
      at Request.emit (events.js:376:20)
      at Request.<anonymous> (C:\Users\ASUS\AppData\Roaming\npm\node_modules\yarn\lib\cli.js:141857:10)
      at Request.emit (events.js:376:20)
      at IncomingMessage.<anonymous> (C:\Users\ASUS\AppData\Roaming\npm\node_modules\yarn\lib\cli.js:141779:12)
      at Object.onceWrapper (events.js:482:28)
      at IncomingMessage.emit (events.js:388:22)
      at endReadableNT (internal/streams/readable.js:1336:12)
      at processTicksAndRejections (internal/process/task_queues.js:82:21)

npm manifest: 
  {
    "name": "planets-project",
    "version": "1.0.0",
    "main": "index.js",
    "repository": "https://github.com/phucvu-1999/learning-node.js.git",
    "author": "Tien Phuc <leesinvn123@gmail.com>",
    "license": "MIT"
  }

yarn manifest: 
  No manifest

Lockfile: 
  No lockfile
